[0.005s] Invoking command in '/home/cromanma/ur5_gz_ws/build/ur_moveit_config': AMENT_PREFIX_PATH=/home/cromanma/ur5_gz_ws/install/ur_description:${AMENT_PREFIX_PATH} CMAKE_PREFIX_PATH=/home/cromanma/ur5_gz_ws/install/ur_description:/home/cromanma/ros2_ws/install/ur_simulation_gz:/home/cromanma/ros2_ws/install/ur_moveit_config:/home/cromanma/ros2_ws/install/ur_description:/opt/ros/jazzy/opt/gz_sim_vendor:/opt/ros/jazzy/opt/gz_sensors_vendor:/opt/ros/jazzy/opt/gz_physics_vendor:/opt/ros/jazzy/opt/sdformat_vendor:/opt/ros/jazzy/opt/gz_gui_vendor:/opt/ros/jazzy/opt/gz_transport_vendor:/opt/ros/jazzy/opt/gz_rendering_vendor:/opt/ros/jazzy/opt/gz_plugin_vendor:/opt/ros/jazzy/opt/gz_fuel_tools_vendor:/opt/ros/jazzy/opt/gz_msgs_vendor:/opt/ros/jazzy/opt/gz_common_vendor:/opt/ros/jazzy/opt/gz_math_vendor:/opt/ros/jazzy/opt/gz_utils_vendor:/opt/ros/jazzy/opt/gz_tools_vendor:/opt/ros/jazzy/opt/gz_ogre_next_vendor:/opt/ros/jazzy/opt/gz_dartsim_vendor:/opt/ros/jazzy/opt/gz_cmake_vendor:/opt/ros/jazzy DEBUGINFOD_URLS=https://debuginfod.ubuntu.com /usr/bin/cmake /home/cromanma/ur5_gz_ws/src/ur_moveit_config -DCMAKE_INSTALL_PREFIX=/home/cromanma/ur5_gz_ws/install/ur_moveit_config
[0.041s] -- The C compiler identification is GNU 13.3.0
[0.075s] -- The CXX compiler identification is GNU 13.3.0
[0.087s] -- Detecting C compiler ABI info
[0.149s] -- Detecting C compiler ABI info - done
[0.154s] -- Check for working C compiler: /usr/bin/cc - skipped
[0.154s] -- Detecting C compile features
[0.154s] -- Detecting C compile features - done
[0.161s] -- Detecting CXX compiler ABI info
[0.227s] -- Detecting CXX compiler ABI info - done
[0.236s] -- Check for working CXX compiler: /usr/bin/c++ - skipped
[0.236s] -- Detecting CXX compile features
[0.236s] -- Detecting CXX compile features - done
[0.239s] -- Found ament_cmake: 2.5.3 (/opt/ros/jazzy/share/ament_cmake/cmake)
[0.340s] -- Found Python3: /usr/bin/python3 (found version "3.12.3") found components: Interpreter 
[0.461s] -- Configuring done (0.4s)
[0.461s] -- Generating done (0.0s)
[0.463s] -- Build files have been written to: /home/cromanma/ur5_gz_ws/build/ur_moveit_config
[0.465s] Invoked command in '/home/cromanma/ur5_gz_ws/build/ur_moveit_config' returned '0': AMENT_PREFIX_PATH=/home/cromanma/ur5_gz_ws/install/ur_description:${AMENT_PREFIX_PATH} CMAKE_PREFIX_PATH=/home/cromanma/ur5_gz_ws/install/ur_description:/home/cromanma/ros2_ws/install/ur_simulation_gz:/home/cromanma/ros2_ws/install/ur_moveit_config:/home/cromanma/ros2_ws/install/ur_description:/opt/ros/jazzy/opt/gz_sim_vendor:/opt/ros/jazzy/opt/gz_sensors_vendor:/opt/ros/jazzy/opt/gz_physics_vendor:/opt/ros/jazzy/opt/sdformat_vendor:/opt/ros/jazzy/opt/gz_gui_vendor:/opt/ros/jazzy/opt/gz_transport_vendor:/opt/ros/jazzy/opt/gz_rendering_vendor:/opt/ros/jazzy/opt/gz_plugin_vendor:/opt/ros/jazzy/opt/gz_fuel_tools_vendor:/opt/ros/jazzy/opt/gz_msgs_vendor:/opt/ros/jazzy/opt/gz_common_vendor:/opt/ros/jazzy/opt/gz_math_vendor:/opt/ros/jazzy/opt/gz_utils_vendor:/opt/ros/jazzy/opt/gz_tools_vendor:/opt/ros/jazzy/opt/gz_ogre_next_vendor:/opt/ros/jazzy/opt/gz_dartsim_vendor:/opt/ros/jazzy/opt/gz_cmake_vendor:/opt/ros/jazzy DEBUGINFOD_URLS=https://debuginfod.ubuntu.com /usr/bin/cmake /home/cromanma/ur5_gz_ws/src/ur_moveit_config -DCMAKE_INSTALL_PREFIX=/home/cromanma/ur5_gz_ws/install/ur_moveit_config
[0.465s] Invoking command in '/home/cromanma/ur5_gz_ws/build/ur_moveit_config': AMENT_PREFIX_PATH=/home/cromanma/ur5_gz_ws/install/ur_description:${AMENT_PREFIX_PATH} CMAKE_PREFIX_PATH=/home/cromanma/ur5_gz_ws/install/ur_description:/home/cromanma/ros2_ws/install/ur_simulation_gz:/home/cromanma/ros2_ws/install/ur_moveit_config:/home/cromanma/ros2_ws/install/ur_description:/opt/ros/jazzy/opt/gz_sim_vendor:/opt/ros/jazzy/opt/gz_sensors_vendor:/opt/ros/jazzy/opt/gz_physics_vendor:/opt/ros/jazzy/opt/sdformat_vendor:/opt/ros/jazzy/opt/gz_gui_vendor:/opt/ros/jazzy/opt/gz_transport_vendor:/opt/ros/jazzy/opt/gz_rendering_vendor:/opt/ros/jazzy/opt/gz_plugin_vendor:/opt/ros/jazzy/opt/gz_fuel_tools_vendor:/opt/ros/jazzy/opt/gz_msgs_vendor:/opt/ros/jazzy/opt/gz_common_vendor:/opt/ros/jazzy/opt/gz_math_vendor:/opt/ros/jazzy/opt/gz_utils_vendor:/opt/ros/jazzy/opt/gz_tools_vendor:/opt/ros/jazzy/opt/gz_ogre_next_vendor:/opt/ros/jazzy/opt/gz_dartsim_vendor:/opt/ros/jazzy/opt/gz_cmake_vendor:/opt/ros/jazzy DEBUGINFOD_URLS=https://debuginfod.ubuntu.com /usr/bin/cmake --build /home/cromanma/ur5_gz_ws/build/ur_moveit_config -- -j12 -l12
[0.496s] Invoked command in '/home/cromanma/ur5_gz_ws/build/ur_moveit_config' returned '0': AMENT_PREFIX_PATH=/home/cromanma/ur5_gz_ws/install/ur_description:${AMENT_PREFIX_PATH} CMAKE_PREFIX_PATH=/home/cromanma/ur5_gz_ws/install/ur_description:/home/cromanma/ros2_ws/install/ur_simulation_gz:/home/cromanma/ros2_ws/install/ur_moveit_config:/home/cromanma/ros2_ws/install/ur_description:/opt/ros/jazzy/opt/gz_sim_vendor:/opt/ros/jazzy/opt/gz_sensors_vendor:/opt/ros/jazzy/opt/gz_physics_vendor:/opt/ros/jazzy/opt/sdformat_vendor:/opt/ros/jazzy/opt/gz_gui_vendor:/opt/ros/jazzy/opt/gz_transport_vendor:/opt/ros/jazzy/opt/gz_rendering_vendor:/opt/ros/jazzy/opt/gz_plugin_vendor:/opt/ros/jazzy/opt/gz_fuel_tools_vendor:/opt/ros/jazzy/opt/gz_msgs_vendor:/opt/ros/jazzy/opt/gz_common_vendor:/opt/ros/jazzy/opt/gz_math_vendor:/opt/ros/jazzy/opt/gz_utils_vendor:/opt/ros/jazzy/opt/gz_tools_vendor:/opt/ros/jazzy/opt/gz_ogre_next_vendor:/opt/ros/jazzy/opt/gz_dartsim_vendor:/opt/ros/jazzy/opt/gz_cmake_vendor:/opt/ros/jazzy DEBUGINFOD_URLS=https://debuginfod.ubuntu.com /usr/bin/cmake --build /home/cromanma/ur5_gz_ws/build/ur_moveit_config -- -j12 -l12
[0.497s] Invoking command in '/home/cromanma/ur5_gz_ws/build/ur_moveit_config': AMENT_PREFIX_PATH=/home/cromanma/ur5_gz_ws/install/ur_description:${AMENT_PREFIX_PATH} CMAKE_PREFIX_PATH=/home/cromanma/ur5_gz_ws/install/ur_description:/home/cromanma/ros2_ws/install/ur_simulation_gz:/home/cromanma/ros2_ws/install/ur_moveit_config:/home/cromanma/ros2_ws/install/ur_description:/opt/ros/jazzy/opt/gz_sim_vendor:/opt/ros/jazzy/opt/gz_sensors_vendor:/opt/ros/jazzy/opt/gz_physics_vendor:/opt/ros/jazzy/opt/sdformat_vendor:/opt/ros/jazzy/opt/gz_gui_vendor:/opt/ros/jazzy/opt/gz_transport_vendor:/opt/ros/jazzy/opt/gz_rendering_vendor:/opt/ros/jazzy/opt/gz_plugin_vendor:/opt/ros/jazzy/opt/gz_fuel_tools_vendor:/opt/ros/jazzy/opt/gz_msgs_vendor:/opt/ros/jazzy/opt/gz_common_vendor:/opt/ros/jazzy/opt/gz_math_vendor:/opt/ros/jazzy/opt/gz_utils_vendor:/opt/ros/jazzy/opt/gz_tools_vendor:/opt/ros/jazzy/opt/gz_ogre_next_vendor:/opt/ros/jazzy/opt/gz_dartsim_vendor:/opt/ros/jazzy/opt/gz_cmake_vendor:/opt/ros/jazzy DEBUGINFOD_URLS=https://debuginfod.ubuntu.com /usr/bin/cmake --install /home/cromanma/ur5_gz_ws/build/ur_moveit_config
[0.503s] -- Install configuration: ""
[0.503s] -- Installing: /home/cromanma/ur5_gz_ws/install/ur_moveit_config/share/ament_index/resource_index/package_run_dependencies/ur_moveit_config
[0.504s] -- Installing: /home/cromanma/ur5_gz_ws/install/ur_moveit_config/share/ament_index/resource_index/parent_prefix_path/ur_moveit_config
[0.504s] -- Installing: /home/cromanma/ur5_gz_ws/install/ur_moveit_config/share/ur_moveit_config/environment/ament_prefix_path.sh
[0.504s] -- Installing: /home/cromanma/ur5_gz_ws/install/ur_moveit_config/share/ur_moveit_config/environment/ament_prefix_path.dsv
[0.504s] -- Installing: /home/cromanma/ur5_gz_ws/install/ur_moveit_config/share/ur_moveit_config/environment/path.sh
[0.504s] -- Installing: /home/cromanma/ur5_gz_ws/install/ur_moveit_config/share/ur_moveit_config/environment/path.dsv
[0.504s] -- Installing: /home/cromanma/ur5_gz_ws/install/ur_moveit_config/share/ur_moveit_config/local_setup.bash
[0.504s] -- Installing: /home/cromanma/ur5_gz_ws/install/ur_moveit_config/share/ur_moveit_config/local_setup.sh
[0.504s] -- Installing: /home/cromanma/ur5_gz_ws/install/ur_moveit_config/share/ur_moveit_config/local_setup.zsh
[0.504s] -- Installing: /home/cromanma/ur5_gz_ws/install/ur_moveit_config/share/ur_moveit_config/local_setup.dsv
[0.504s] -- Installing: /home/cromanma/ur5_gz_ws/install/ur_moveit_config/share/ur_moveit_config/package.dsv
[0.504s] -- Installing: /home/cromanma/ur5_gz_ws/install/ur_moveit_config/share/ament_index/resource_index/packages/ur_moveit_config
[0.505s] -- Installing: /home/cromanma/ur5_gz_ws/install/ur_moveit_config/share/ur_moveit_config/cmake/ur_moveit_configConfig.cmake
[0.505s] -- Installing: /home/cromanma/ur5_gz_ws/install/ur_moveit_config/share/ur_moveit_config/cmake/ur_moveit_configConfig-version.cmake
[0.505s] -- Installing: /home/cromanma/ur5_gz_ws/install/ur_moveit_config/share/ur_moveit_config/package.xml
[0.505s] -- Installing: /home/cromanma/ur5_gz_ws/install/ur_moveit_config/share/ur_moveit_config/config
[0.505s] -- Installing: /home/cromanma/ur5_gz_ws/install/ur_moveit_config/share/ur_moveit_config/config/ur_servo.yaml
[0.505s] -- Installing: /home/cromanma/ur5_gz_ws/install/ur_moveit_config/share/ur_moveit_config/config/ompl_planning.yaml
[0.505s] -- Installing: /home/cromanma/ur5_gz_ws/install/ur_moveit_config/share/ur_moveit_config/config/moveit.rviz
[0.505s] -- Installing: /home/cromanma/ur5_gz_ws/install/ur_moveit_config/share/ur_moveit_config/config/kinematics.yaml
[0.505s] -- Installing: /home/cromanma/ur5_gz_ws/install/ur_moveit_config/share/ur_moveit_config/config/chomp_planning.yaml
[0.505s] -- Installing: /home/cromanma/ur5_gz_ws/install/ur_moveit_config/share/ur_moveit_config/config/pilz_cartesian_limits.yaml
[0.505s] -- Installing: /home/cromanma/ur5_gz_ws/install/ur_moveit_config/share/ur_moveit_config/config/moveit_controllers.yaml
[0.505s] -- Installing: /home/cromanma/ur5_gz_ws/install/ur_moveit_config/share/ur_moveit_config/config/joint_limits.yaml
[0.505s] -- Installing: /home/cromanma/ur5_gz_ws/install/ur_moveit_config/share/ur_moveit_config/config/pilz_industrial_motion_planner_planning.yaml
[0.505s] -- Installing: /home/cromanma/ur5_gz_ws/install/ur_moveit_config/share/ur_moveit_config/launch
[0.505s] -- Installing: /home/cromanma/ur5_gz_ws/install/ur_moveit_config/share/ur_moveit_config/launch/ur_moveit.launch.py
[0.505s] -- Installing: /home/cromanma/ur5_gz_ws/install/ur_moveit_config/share/ur_moveit_config/srdf
[0.505s] -- Installing: /home/cromanma/ur5_gz_ws/install/ur_moveit_config/share/ur_moveit_config/srdf/ur.srdf.xacro
[0.506s] -- Installing: /home/cromanma/ur5_gz_ws/install/ur_moveit_config/share/ur_moveit_config/srdf/ur_macro.srdf.xacro
[0.507s] Invoked command in '/home/cromanma/ur5_gz_ws/build/ur_moveit_config' returned '0': AMENT_PREFIX_PATH=/home/cromanma/ur5_gz_ws/install/ur_description:${AMENT_PREFIX_PATH} CMAKE_PREFIX_PATH=/home/cromanma/ur5_gz_ws/install/ur_description:/home/cromanma/ros2_ws/install/ur_simulation_gz:/home/cromanma/ros2_ws/install/ur_moveit_config:/home/cromanma/ros2_ws/install/ur_description:/opt/ros/jazzy/opt/gz_sim_vendor:/opt/ros/jazzy/opt/gz_sensors_vendor:/opt/ros/jazzy/opt/gz_physics_vendor:/opt/ros/jazzy/opt/sdformat_vendor:/opt/ros/jazzy/opt/gz_gui_vendor:/opt/ros/jazzy/opt/gz_transport_vendor:/opt/ros/jazzy/opt/gz_rendering_vendor:/opt/ros/jazzy/opt/gz_plugin_vendor:/opt/ros/jazzy/opt/gz_fuel_tools_vendor:/opt/ros/jazzy/opt/gz_msgs_vendor:/opt/ros/jazzy/opt/gz_common_vendor:/opt/ros/jazzy/opt/gz_math_vendor:/opt/ros/jazzy/opt/gz_utils_vendor:/opt/ros/jazzy/opt/gz_tools_vendor:/opt/ros/jazzy/opt/gz_ogre_next_vendor:/opt/ros/jazzy/opt/gz_dartsim_vendor:/opt/ros/jazzy/opt/gz_cmake_vendor:/opt/ros/jazzy DEBUGINFOD_URLS=https://debuginfod.ubuntu.com /usr/bin/cmake --install /home/cromanma/ur5_gz_ws/build/ur_moveit_config
