[0.005s] Invoking command in '/home/cromanma/ur5_gz_ws/build/ur_simulation_gz': AMENT_PREFIX_PATH=/home/cromanma/ur5_gz_ws/install/ur_moveit_config:/home/cromanma/ur5_gz_ws/install/ur_description:${AMENT_PREFIX_PATH} CMAKE_PREFIX_PATH=/home/cromanma/ur5_gz_ws/install/ur_moveit_config:/home/cromanma/ur5_gz_ws/install/ur_description:/home/cromanma/ros2_ws/install/ur_simulation_gz:/home/cromanma/ros2_ws/install/ur_moveit_config:/home/cromanma/ros2_ws/install/ur_description:/opt/ros/jazzy/opt/gz_sim_vendor:/opt/ros/jazzy/opt/gz_sensors_vendor:/opt/ros/jazzy/opt/gz_physics_vendor:/opt/ros/jazzy/opt/sdformat_vendor:/opt/ros/jazzy/opt/gz_gui_vendor:/opt/ros/jazzy/opt/gz_transport_vendor:/opt/ros/jazzy/opt/gz_rendering_vendor:/opt/ros/jazzy/opt/gz_plugin_vendor:/opt/ros/jazzy/opt/gz_fuel_tools_vendor:/opt/ros/jazzy/opt/gz_msgs_vendor:/opt/ros/jazzy/opt/gz_common_vendor:/opt/ros/jazzy/opt/gz_math_vendor:/opt/ros/jazzy/opt/gz_utils_vendor:/opt/ros/jazzy/opt/gz_tools_vendor:/opt/ros/jazzy/opt/gz_ogre_next_vendor:/opt/ros/jazzy/opt/gz_dartsim_vendor:/opt/ros/jazzy/opt/gz_cmake_vendor:/opt/ros/jazzy DEBUGINFOD_URLS=https://debuginfod.ubuntu.com /usr/bin/cmake /home/cromanma/ur5_gz_ws/src/ur_simulation_gz -DCMAKE_INSTALL_PREFIX=/home/cromanma/ur5_gz_ws/install/ur_simulation_gz
[0.047s] -- The C compiler identification is GNU 13.3.0
[0.084s] -- The CXX compiler identification is GNU 13.3.0
[0.095s] -- Detecting C compiler ABI info
[0.158s] -- Detecting C compiler ABI info - done
[0.164s] -- Check for working C compiler: /usr/bin/cc - skipped
[0.164s] -- Detecting C compile features
[0.164s] -- Detecting C compile features - done
[0.171s] -- Detecting CXX compiler ABI info
[0.241s] -- Detecting CXX compiler ABI info - done
[0.247s] -- Check for working CXX compiler: /usr/bin/c++ - skipped
[0.247s] -- Detecting CXX compile features
[0.248s] -- Detecting CXX compile features - done
[0.250s] -- Found ament_cmake: 2.5.3 (/opt/ros/jazzy/share/ament_cmake/cmake)
[0.349s] -- Found Python3: /usr/bin/python3 (found version "3.12.3") found components: Interpreter 
[0.420s] -- Found launch_testing_ament_cmake: 3.4.3 (/opt/ros/jazzy/share/launch_testing_ament_cmake/cmake)
[0.422s] -- Found python_cmake_module: 0.11.1 (/opt/ros/jazzy/share/python_cmake_module/cmake)
[0.505s] -- Found PythonExtra: /usr/bin/python3  
[0.508s] -- Found ament_cmake_pytest: 2.5.3 (/opt/ros/jazzy/share/ament_cmake_pytest/cmake)
[0.778s] -- Configuring done (0.8s)
[0.779s] -- Generating done (0.0s)
[0.780s] -- Build files have been written to: /home/cromanma/ur5_gz_ws/build/ur_simulation_gz
[0.784s] Invoked command in '/home/cromanma/ur5_gz_ws/build/ur_simulation_gz' returned '0': AMENT_PREFIX_PATH=/home/cromanma/ur5_gz_ws/install/ur_moveit_config:/home/cromanma/ur5_gz_ws/install/ur_description:${AMENT_PREFIX_PATH} CMAKE_PREFIX_PATH=/home/cromanma/ur5_gz_ws/install/ur_moveit_config:/home/cromanma/ur5_gz_ws/install/ur_description:/home/cromanma/ros2_ws/install/ur_simulation_gz:/home/cromanma/ros2_ws/install/ur_moveit_config:/home/cromanma/ros2_ws/install/ur_description:/opt/ros/jazzy/opt/gz_sim_vendor:/opt/ros/jazzy/opt/gz_sensors_vendor:/opt/ros/jazzy/opt/gz_physics_vendor:/opt/ros/jazzy/opt/sdformat_vendor:/opt/ros/jazzy/opt/gz_gui_vendor:/opt/ros/jazzy/opt/gz_transport_vendor:/opt/ros/jazzy/opt/gz_rendering_vendor:/opt/ros/jazzy/opt/gz_plugin_vendor:/opt/ros/jazzy/opt/gz_fuel_tools_vendor:/opt/ros/jazzy/opt/gz_msgs_vendor:/opt/ros/jazzy/opt/gz_common_vendor:/opt/ros/jazzy/opt/gz_math_vendor:/opt/ros/jazzy/opt/gz_utils_vendor:/opt/ros/jazzy/opt/gz_tools_vendor:/opt/ros/jazzy/opt/gz_ogre_next_vendor:/opt/ros/jazzy/opt/gz_dartsim_vendor:/opt/ros/jazzy/opt/gz_cmake_vendor:/opt/ros/jazzy DEBUGINFOD_URLS=https://debuginfod.ubuntu.com /usr/bin/cmake /home/cromanma/ur5_gz_ws/src/ur_simulation_gz -DCMAKE_INSTALL_PREFIX=/home/cromanma/ur5_gz_ws/install/ur_simulation_gz
[0.784s] Invoking command in '/home/cromanma/ur5_gz_ws/build/ur_simulation_gz': AMENT_PREFIX_PATH=/home/cromanma/ur5_gz_ws/install/ur_moveit_config:/home/cromanma/ur5_gz_ws/install/ur_description:${AMENT_PREFIX_PATH} CMAKE_PREFIX_PATH=/home/cromanma/ur5_gz_ws/install/ur_moveit_config:/home/cromanma/ur5_gz_ws/install/ur_description:/home/cromanma/ros2_ws/install/ur_simulation_gz:/home/cromanma/ros2_ws/install/ur_moveit_config:/home/cromanma/ros2_ws/install/ur_description:/opt/ros/jazzy/opt/gz_sim_vendor:/opt/ros/jazzy/opt/gz_sensors_vendor:/opt/ros/jazzy/opt/gz_physics_vendor:/opt/ros/jazzy/opt/sdformat_vendor:/opt/ros/jazzy/opt/gz_gui_vendor:/opt/ros/jazzy/opt/gz_transport_vendor:/opt/ros/jazzy/opt/gz_rendering_vendor:/opt/ros/jazzy/opt/gz_plugin_vendor:/opt/ros/jazzy/opt/gz_fuel_tools_vendor:/opt/ros/jazzy/opt/gz_msgs_vendor:/opt/ros/jazzy/opt/gz_common_vendor:/opt/ros/jazzy/opt/gz_math_vendor:/opt/ros/jazzy/opt/gz_utils_vendor:/opt/ros/jazzy/opt/gz_tools_vendor:/opt/ros/jazzy/opt/gz_ogre_next_vendor:/opt/ros/jazzy/opt/gz_dartsim_vendor:/opt/ros/jazzy/opt/gz_cmake_vendor:/opt/ros/jazzy DEBUGINFOD_URLS=https://debuginfod.ubuntu.com /usr/bin/cmake --build /home/cromanma/ur5_gz_ws/build/ur_simulation_gz -- -j12 -l12
[0.810s] Invoked command in '/home/cromanma/ur5_gz_ws/build/ur_simulation_gz' returned '0': AMENT_PREFIX_PATH=/home/cromanma/ur5_gz_ws/install/ur_moveit_config:/home/cromanma/ur5_gz_ws/install/ur_description:${AMENT_PREFIX_PATH} CMAKE_PREFIX_PATH=/home/cromanma/ur5_gz_ws/install/ur_moveit_config:/home/cromanma/ur5_gz_ws/install/ur_description:/home/cromanma/ros2_ws/install/ur_simulation_gz:/home/cromanma/ros2_ws/install/ur_moveit_config:/home/cromanma/ros2_ws/install/ur_description:/opt/ros/jazzy/opt/gz_sim_vendor:/opt/ros/jazzy/opt/gz_sensors_vendor:/opt/ros/jazzy/opt/gz_physics_vendor:/opt/ros/jazzy/opt/sdformat_vendor:/opt/ros/jazzy/opt/gz_gui_vendor:/opt/ros/jazzy/opt/gz_transport_vendor:/opt/ros/jazzy/opt/gz_rendering_vendor:/opt/ros/jazzy/opt/gz_plugin_vendor:/opt/ros/jazzy/opt/gz_fuel_tools_vendor:/opt/ros/jazzy/opt/gz_msgs_vendor:/opt/ros/jazzy/opt/gz_common_vendor:/opt/ros/jazzy/opt/gz_math_vendor:/opt/ros/jazzy/opt/gz_utils_vendor:/opt/ros/jazzy/opt/gz_tools_vendor:/opt/ros/jazzy/opt/gz_ogre_next_vendor:/opt/ros/jazzy/opt/gz_dartsim_vendor:/opt/ros/jazzy/opt/gz_cmake_vendor:/opt/ros/jazzy DEBUGINFOD_URLS=https://debuginfod.ubuntu.com /usr/bin/cmake --build /home/cromanma/ur5_gz_ws/build/ur_simulation_gz -- -j12 -l12
[0.810s] Invoking command in '/home/cromanma/ur5_gz_ws/build/ur_simulation_gz': AMENT_PREFIX_PATH=/home/cromanma/ur5_gz_ws/install/ur_moveit_config:/home/cromanma/ur5_gz_ws/install/ur_description:${AMENT_PREFIX_PATH} CMAKE_PREFIX_PATH=/home/cromanma/ur5_gz_ws/install/ur_moveit_config:/home/cromanma/ur5_gz_ws/install/ur_description:/home/cromanma/ros2_ws/install/ur_simulation_gz:/home/cromanma/ros2_ws/install/ur_moveit_config:/home/cromanma/ros2_ws/install/ur_description:/opt/ros/jazzy/opt/gz_sim_vendor:/opt/ros/jazzy/opt/gz_sensors_vendor:/opt/ros/jazzy/opt/gz_physics_vendor:/opt/ros/jazzy/opt/sdformat_vendor:/opt/ros/jazzy/opt/gz_gui_vendor:/opt/ros/jazzy/opt/gz_transport_vendor:/opt/ros/jazzy/opt/gz_rendering_vendor:/opt/ros/jazzy/opt/gz_plugin_vendor:/opt/ros/jazzy/opt/gz_fuel_tools_vendor:/opt/ros/jazzy/opt/gz_msgs_vendor:/opt/ros/jazzy/opt/gz_common_vendor:/opt/ros/jazzy/opt/gz_math_vendor:/opt/ros/jazzy/opt/gz_utils_vendor:/opt/ros/jazzy/opt/gz_tools_vendor:/opt/ros/jazzy/opt/gz_ogre_next_vendor:/opt/ros/jazzy/opt/gz_dartsim_vendor:/opt/ros/jazzy/opt/gz_cmake_vendor:/opt/ros/jazzy DEBUGINFOD_URLS=https://debuginfod.ubuntu.com /usr/bin/cmake --install /home/cromanma/ur5_gz_ws/build/ur_simulation_gz
[0.817s] -- Install configuration: ""
[0.817s] -- Installing: /home/cromanma/ur5_gz_ws/install/ur_simulation_gz/share/ur_simulation_gz/config
[0.817s] -- Installing: /home/cromanma/ur5_gz_ws/install/ur_simulation_gz/share/ur_simulation_gz/config/ur_controllers.yaml
[0.817s] -- Installing: /home/cromanma/ur5_gz_ws/install/ur_simulation_gz/share/ur_simulation_gz/launch
[0.817s] -- Installing: /home/cromanma/ur5_gz_ws/install/ur_simulation_gz/share/ur_simulation_gz/launch/ur_sim_moveit.launch.py
[0.817s] -- Installing: /home/cromanma/ur5_gz_ws/install/ur_simulation_gz/share/ur_simulation_gz/launch/ur_sim_control.launch.py
[0.817s] -- Installing: /home/cromanma/ur5_gz_ws/install/ur_simulation_gz/share/ur_simulation_gz/urdf
[0.817s] -- Installing: /home/cromanma/ur5_gz_ws/install/ur_simulation_gz/share/ur_simulation_gz/urdf/ur_gz.urdf.xacro
[0.817s] -- Installing: /home/cromanma/ur5_gz_ws/install/ur_simulation_gz/share/ur_simulation_gz/urdf/ur_gz.ros2_control.xacro
[0.817s] -- Installing: /home/cromanma/ur5_gz_ws/install/ur_simulation_gz/share/ament_index/resource_index/package_run_dependencies/ur_simulation_gz
[0.817s] -- Installing: /home/cromanma/ur5_gz_ws/install/ur_simulation_gz/share/ament_index/resource_index/parent_prefix_path/ur_simulation_gz
[0.818s] -- Installing: /home/cromanma/ur5_gz_ws/install/ur_simulation_gz/share/ur_simulation_gz/environment/ament_prefix_path.sh
[0.818s] -- Installing: /home/cromanma/ur5_gz_ws/install/ur_simulation_gz/share/ur_simulation_gz/environment/ament_prefix_path.dsv
[0.818s] -- Installing: /home/cromanma/ur5_gz_ws/install/ur_simulation_gz/share/ur_simulation_gz/environment/path.sh
[0.818s] -- Installing: /home/cromanma/ur5_gz_ws/install/ur_simulation_gz/share/ur_simulation_gz/environment/path.dsv
[0.818s] -- Installing: /home/cromanma/ur5_gz_ws/install/ur_simulation_gz/share/ur_simulation_gz/local_setup.bash
[0.818s] -- Installing: /home/cromanma/ur5_gz_ws/install/ur_simulation_gz/share/ur_simulation_gz/local_setup.sh
[0.818s] -- Installing: /home/cromanma/ur5_gz_ws/install/ur_simulation_gz/share/ur_simulation_gz/local_setup.zsh
[0.818s] -- Installing: /home/cromanma/ur5_gz_ws/install/ur_simulation_gz/share/ur_simulation_gz/local_setup.dsv
[0.818s] -- Installing: /home/cromanma/ur5_gz_ws/install/ur_simulation_gz/share/ur_simulation_gz/package.dsv
[0.818s] -- Installing: /home/cromanma/ur5_gz_ws/install/ur_simulation_gz/share/ament_index/resource_index/packages/ur_simulation_gz
[0.819s] -- Installing: /home/cromanma/ur5_gz_ws/install/ur_simulation_gz/share/ur_simulation_gz/cmake/ur_simulation_gzConfig.cmake
[0.819s] -- Installing: /home/cromanma/ur5_gz_ws/install/ur_simulation_gz/share/ur_simulation_gz/cmake/ur_simulation_gzConfig-version.cmake
[0.819s] -- Installing: /home/cromanma/ur5_gz_ws/install/ur_simulation_gz/share/ur_simulation_gz/package.xml
[0.820s] Invoked command in '/home/cromanma/ur5_gz_ws/build/ur_simulation_gz' returned '0': AMENT_PREFIX_PATH=/home/cromanma/ur5_gz_ws/install/ur_moveit_config:/home/cromanma/ur5_gz_ws/install/ur_description:${AMENT_PREFIX_PATH} CMAKE_PREFIX_PATH=/home/cromanma/ur5_gz_ws/install/ur_moveit_config:/home/cromanma/ur5_gz_ws/install/ur_description:/home/cromanma/ros2_ws/install/ur_simulation_gz:/home/cromanma/ros2_ws/install/ur_moveit_config:/home/cromanma/ros2_ws/install/ur_description:/opt/ros/jazzy/opt/gz_sim_vendor:/opt/ros/jazzy/opt/gz_sensors_vendor:/opt/ros/jazzy/opt/gz_physics_vendor:/opt/ros/jazzy/opt/sdformat_vendor:/opt/ros/jazzy/opt/gz_gui_vendor:/opt/ros/jazzy/opt/gz_transport_vendor:/opt/ros/jazzy/opt/gz_rendering_vendor:/opt/ros/jazzy/opt/gz_plugin_vendor:/opt/ros/jazzy/opt/gz_fuel_tools_vendor:/opt/ros/jazzy/opt/gz_msgs_vendor:/opt/ros/jazzy/opt/gz_common_vendor:/opt/ros/jazzy/opt/gz_math_vendor:/opt/ros/jazzy/opt/gz_utils_vendor:/opt/ros/jazzy/opt/gz_tools_vendor:/opt/ros/jazzy/opt/gz_ogre_next_vendor:/opt/ros/jazzy/opt/gz_dartsim_vendor:/opt/ros/jazzy/opt/gz_cmake_vendor:/opt/ros/jazzy DEBUGINFOD_URLS=https://debuginfod.ubuntu.com /usr/bin/cmake --install /home/cromanma/ur5_gz_ws/build/ur_simulation_gz
