[0.007s] Invoking command in '/home/cromanma/ur5_gz_ws/build/ur_description': CMAKE_PREFIX_PATH=${CMAKE_PREFIX_PATH}:/opt/ros/jazzy DEBUGINFOD_URLS=https://debuginfod.ubuntu.com /usr/bin/cmake /home/cromanma/ur5_gz_ws/src/ur_description -DCMAKE_INSTALL_PREFIX=/home/cromanma/ur5_gz_ws/install/ur_description
[0.087s] -- The C compiler identification is GNU 13.3.0
[0.155s] -- The CXX compiler identification is GNU 13.3.0
[0.170s] -- Detecting C compiler ABI info
[0.239s] -- Detecting C compiler ABI info - done
[0.244s] -- Check for working C compiler: /usr/bin/cc - skipped
[0.245s] -- Detecting C compile features
[0.245s] -- Detecting C compile features - done
[0.253s] -- Detecting CXX compiler ABI info
[0.328s] -- Detecting CXX compiler ABI info - done
[0.337s] -- Check for working CXX compiler: /usr/bin/c++ - skipped
[0.338s] -- Detecting CXX compile features
[0.338s] -- Detecting CXX compile features - done
[0.344s] -- Found ament_cmake: 2.5.3 (/opt/ros/jazzy/share/ament_cmake/cmake)
[0.448s] -- Found Python3: /usr/bin/python3 (found version "3.12.3") found components: Interpreter 
[0.529s] -- Found ament_cmake_pytest: 2.5.3 (/opt/ros/jazzy/share/ament_cmake_pytest/cmake)
[1.039s] -- Configuring done (1.0s)
[1.040s] -- Generating done (0.0s)
[1.041s] -- Build files have been written to: /home/cromanma/ur5_gz_ws/build/ur_description
[1.044s] Invoked command in '/home/cromanma/ur5_gz_ws/build/ur_description' returned '0': CMAKE_PREFIX_PATH=${CMAKE_PREFIX_PATH}:/opt/ros/jazzy DEBUGINFOD_URLS=https://debuginfod.ubuntu.com /usr/bin/cmake /home/cromanma/ur5_gz_ws/src/ur_description -DCMAKE_INSTALL_PREFIX=/home/cromanma/ur5_gz_ws/install/ur_description
[1.045s] Invoking command in '/home/cromanma/ur5_gz_ws/build/ur_description': CMAKE_PREFIX_PATH=${CMAKE_PREFIX_PATH}:/opt/ros/jazzy DEBUGINFOD_URLS=https://debuginfod.ubuntu.com /usr/bin/cmake --build /home/cromanma/ur5_gz_ws/build/ur_description -- -j12 -l12
[1.073s] Invoked command in '/home/cromanma/ur5_gz_ws/build/ur_description' returned '0': CMAKE_PREFIX_PATH=${CMAKE_PREFIX_PATH}:/opt/ros/jazzy DEBUGINFOD_URLS=https://debuginfod.ubuntu.com /usr/bin/cmake --build /home/cromanma/ur5_gz_ws/build/ur_description -- -j12 -l12
[1.079s] Invoking command in '/home/cromanma/ur5_gz_ws/build/ur_description': CMAKE_PREFIX_PATH=${CMAKE_PREFIX_PATH}:/opt/ros/jazzy DEBUGINFOD_URLS=https://debuginfod.ubuntu.com /usr/bin/cmake --install /home/cromanma/ur5_gz_ws/build/ur_description
[1.084s] -- Install configuration: ""
[1.084s] -- Installing: /home/cromanma/ur5_gz_ws/install/ur_description/share/ur_description/config
[1.084s] -- Installing: /home/cromanma/ur5_gz_ws/install/ur_description/share/ur_description/config/ur3
[1.084s] -- Installing: /home/cromanma/ur5_gz_ws/install/ur_description/share/ur_description/config/ur3/visual_parameters.yaml
[1.085s] -- Installing: /home/cromanma/ur5_gz_ws/install/ur_description/share/ur_description/config/ur3/physical_parameters.yaml
[1.085s] -- Installing: /home/cromanma/ur5_gz_ws/install/ur_description/share/ur_description/config/ur3/default_kinematics.yaml
[1.085s] -- Installing: /home/cromanma/ur5_gz_ws/install/ur_description/share/ur_description/config/ur3/joint_limits.yaml
[1.085s] -- Installing: /home/cromanma/ur5_gz_ws/install/ur_description/share/ur_description/config/initial_positions.yaml
[1.085s] -- Installing: /home/cromanma/ur5_gz_ws/install/ur_description/share/ur_description/config/ur3e
[1.085s] -- Installing: /home/cromanma/ur5_gz_ws/install/ur_description/share/ur_description/config/ur3e/visual_parameters.yaml
[1.085s] -- Installing: /home/cromanma/ur5_gz_ws/install/ur_description/share/ur_description/config/ur3e/physical_parameters.yaml
[1.085s] -- Installing: /home/cromanma/ur5_gz_ws/install/ur_description/share/ur_description/config/ur3e/default_kinematics.yaml
[1.085s] -- Installing: /home/cromanma/ur5_gz_ws/install/ur_description/share/ur_description/config/ur3e/joint_limits.yaml
[1.085s] -- Installing: /home/cromanma/ur5_gz_ws/install/ur_description/share/ur_description/config/ur10e
[1.085s] -- Installing: /home/cromanma/ur5_gz_ws/install/ur_description/share/ur_description/config/ur10e/visual_parameters.yaml
[1.085s] -- Installing: /home/cromanma/ur5_gz_ws/install/ur_description/share/ur_description/config/ur10e/physical_parameters.yaml
[1.085s] -- Installing: /home/cromanma/ur5_gz_ws/install/ur_description/share/ur_description/config/ur10e/default_kinematics.yaml
[1.085s] -- Installing: /home/cromanma/ur5_gz_ws/install/ur_description/share/ur_description/config/ur10e/joint_limits.yaml
[1.086s] -- Installing: /home/cromanma/ur5_gz_ws/install/ur_description/share/ur_description/config/ur30
[1.086s] -- Installing: /home/cromanma/ur5_gz_ws/install/ur_description/share/ur_description/config/ur30/visual_parameters.yaml
[1.086s] -- Installing: /home/cromanma/ur5_gz_ws/install/ur_description/share/ur_description/config/ur30/physical_parameters.yaml
[1.086s] -- Installing: /home/cromanma/ur5_gz_ws/install/ur_description/share/ur_description/config/ur30/default_kinematics.yaml
[1.086s] -- Installing: /home/cromanma/ur5_gz_ws/install/ur_description/share/ur_description/config/ur30/joint_limits.yaml
[1.086s] -- Installing: /home/cromanma/ur5_gz_ws/install/ur_description/share/ur_description/config/ur20
[1.086s] -- Installing: /home/cromanma/ur5_gz_ws/install/ur_description/share/ur_description/config/ur20/visual_parameters.yaml
[1.086s] -- Installing: /home/cromanma/ur5_gz_ws/install/ur_description/share/ur_description/config/ur20/physical_parameters.yaml
[1.086s] -- Installing: /home/cromanma/ur5_gz_ws/install/ur_description/share/ur_description/config/ur20/default_kinematics.yaml
[1.086s] -- Installing: /home/cromanma/ur5_gz_ws/install/ur_description/share/ur_description/config/ur20/joint_limits.yaml
[1.086s] -- Installing: /home/cromanma/ur5_gz_ws/install/ur_description/share/ur_description/config/ur10
[1.086s] -- Installing: /home/cromanma/ur5_gz_ws/install/ur_description/share/ur_description/config/ur10/visual_parameters.yaml
[1.086s] -- Installing: /home/cromanma/ur5_gz_ws/install/ur_description/share/ur_description/config/ur10/physical_parameters.yaml
[1.086s] -- Installing: /home/cromanma/ur5_gz_ws/install/ur_description/share/ur_description/config/ur10/default_kinematics.yaml
[1.086s] -- Installing: /home/cromanma/ur5_gz_ws/install/ur_description/share/ur_description/config/ur10/joint_limits.yaml
[1.087s] -- Installing: /home/cromanma/ur5_gz_ws/install/ur_description/share/ur_description/config/ur16e
[1.087s] -- Installing: /home/cromanma/ur5_gz_ws/install/ur_description/share/ur_description/config/ur16e/visual_parameters.yaml
[1.087s] -- Installing: /home/cromanma/ur5_gz_ws/install/ur_description/share/ur_description/config/ur16e/physical_parameters.yaml
[1.087s] -- Installing: /home/cromanma/ur5_gz_ws/install/ur_description/share/ur_description/config/ur16e/default_kinematics.yaml
[1.087s] -- Installing: /home/cromanma/ur5_gz_ws/install/ur_description/share/ur_description/config/ur16e/joint_limits.yaml
[1.087s] -- Installing: /home/cromanma/ur5_gz_ws/install/ur_description/share/ur_description/config/ur5e
[1.087s] -- Installing: /home/cromanma/ur5_gz_ws/install/ur_description/share/ur_description/config/ur5e/visual_parameters.yaml
[1.087s] -- Installing: /home/cromanma/ur5_gz_ws/install/ur_description/share/ur_description/config/ur5e/physical_parameters.yaml
[1.087s] -- Installing: /home/cromanma/ur5_gz_ws/install/ur_description/share/ur_description/config/ur5e/default_kinematics.yaml
[1.087s] -- Installing: /home/cromanma/ur5_gz_ws/install/ur_description/share/ur_description/config/ur5e/joint_limits.yaml
[1.087s] -- Installing: /home/cromanma/ur5_gz_ws/install/ur_description/share/ur_description/config/ur5
[1.087s] -- Installing: /home/cromanma/ur5_gz_ws/install/ur_description/share/ur_description/config/ur5/visual_parameters.yaml
[1.087s] -- Installing: /home/cromanma/ur5_gz_ws/install/ur_description/share/ur_description/config/ur5/physical_parameters.yaml
[1.087s] -- Installing: /home/cromanma/ur5_gz_ws/install/ur_description/share/ur_description/config/ur5/default_kinematics.yaml
[1.087s] -- Installing: /home/cromanma/ur5_gz_ws/install/ur_description/share/ur_description/config/ur5/joint_limits.yaml
[1.087s] -- Installing: /home/cromanma/ur5_gz_ws/install/ur_description/share/ur_description/launch
[1.088s] -- Installing: /home/cromanma/ur5_gz_ws/install/ur_description/share/ur_description/launch/view_ur.launch.py
[1.088s] -- Installing: /home/cromanma/ur5_gz_ws/install/ur_description/share/ur_description/meshes
[1.088s] -- Installing: /home/cromanma/ur5_gz_ws/install/ur_description/share/ur_description/meshes/ur3
[1.088s] -- Installing: /home/cromanma/ur5_gz_ws/install/ur_description/share/ur_description/meshes/ur3/collision
[1.088s] -- Installing: /home/cromanma/ur5_gz_ws/install/ur_description/share/ur_description/meshes/ur3/collision/wrist2.stl
[1.088s] -- Installing: /home/cromanma/ur5_gz_ws/install/ur_description/share/ur_description/meshes/ur3/collision/base.stl
[1.088s] -- Installing: /home/cromanma/ur5_gz_ws/install/ur_description/share/ur_description/meshes/ur3/collision/wrist1.stl
[1.088s] -- Installing: /home/cromanma/ur5_gz_ws/install/ur_description/share/ur_description/meshes/ur3/collision/wrist3.stl
[1.088s] -- Installing: /home/cromanma/ur5_gz_ws/install/ur_description/share/ur_description/meshes/ur3/collision/upperarm.stl
[1.088s] -- Installing: /home/cromanma/ur5_gz_ws/install/ur_description/share/ur_description/meshes/ur3/collision/forearm.stl
[1.088s] -- Installing: /home/cromanma/ur5_gz_ws/install/ur_description/share/ur_description/meshes/ur3/collision/shoulder.stl
[1.088s] -- Installing: /home/cromanma/ur5_gz_ws/install/ur_description/share/ur_description/meshes/ur3/visual
[1.088s] -- Installing: /home/cromanma/ur5_gz_ws/install/ur_description/share/ur_description/meshes/ur3/visual/wrist2.dae
[1.088s] -- Installing: /home/cromanma/ur5_gz_ws/install/ur_description/share/ur_description/meshes/ur3/visual/wrist1.dae
[1.088s] -- Installing: /home/cromanma/ur5_gz_ws/install/ur_description/share/ur_description/meshes/ur3/visual/shoulder.dae
[1.088s] -- Installing: /home/cromanma/ur5_gz_ws/install/ur_description/share/ur_description/meshes/ur3/visual/base.dae
[1.088s] -- Installing: /home/cromanma/ur5_gz_ws/install/ur_description/share/ur_description/meshes/ur3/visual/upperarm.dae
[1.089s] -- Installing: /home/cromanma/ur5_gz_ws/install/ur_description/share/ur_description/meshes/ur3/visual/forearm.dae
[1.089s] -- Installing: /home/cromanma/ur5_gz_ws/install/ur_description/share/ur_description/meshes/ur3/visual/wrist3.dae
[1.089s] -- Installing: /home/cromanma/ur5_gz_ws/install/ur_description/share/ur_description/meshes/coupler.stl
[1.089s] -- Installing: /home/cromanma/ur5_gz_ws/install/ur_description/share/ur_description/meshes/ur3e
[1.089s] -- Installing: /home/cromanma/ur5_gz_ws/install/ur_description/share/ur_description/meshes/ur3e/collision
[1.089s] -- Installing: /home/cromanma/ur5_gz_ws/install/ur_description/share/ur_description/meshes/ur3e/collision/wrist2.stl
[1.089s] -- Installing: /home/cromanma/ur5_gz_ws/install/ur_description/share/ur_description/meshes/ur3e/collision/base.stl
[1.089s] -- Installing: /home/cromanma/ur5_gz_ws/install/ur_description/share/ur_description/meshes/ur3e/collision/wrist1.stl
[1.089s] -- Installing: /home/cromanma/ur5_gz_ws/install/ur_description/share/ur_description/meshes/ur3e/collision/wrist3.stl
[1.089s] -- Installing: /home/cromanma/ur5_gz_ws/install/ur_description/share/ur_description/meshes/ur3e/collision/upperarm.stl
[1.089s] -- Installing: /home/cromanma/ur5_gz_ws/install/ur_description/share/ur_description/meshes/ur3e/collision/forearm.stl
[1.089s] -- Installing: /home/cromanma/ur5_gz_ws/install/ur_description/share/ur_description/meshes/ur3e/collision/shoulder.stl
[1.089s] -- Installing: /home/cromanma/ur5_gz_ws/install/ur_description/share/ur_description/meshes/ur3e/visual
[1.089s] -- Installing: /home/cromanma/ur5_gz_ws/install/ur_description/share/ur_description/meshes/ur3e/visual/wrist2.dae
[1.090s] -- Installing: /home/cromanma/ur5_gz_ws/install/ur_description/share/ur_description/meshes/ur3e/visual/wrist1.dae
[1.090s] -- Installing: /home/cromanma/ur5_gz_ws/install/ur_description/share/ur_description/meshes/ur3e/visual/shoulder.dae
[1.091s] -- Installing: /home/cromanma/ur5_gz_ws/install/ur_description/share/ur_description/meshes/ur3e/visual/base.dae
[1.091s] -- Installing: /home/cromanma/ur5_gz_ws/install/ur_description/share/ur_description/meshes/ur3e/visual/upperarm.dae
[1.092s] -- Installing: /home/cromanma/ur5_gz_ws/install/ur_description/share/ur_description/meshes/ur3e/visual/forearm.dae
[1.093s] -- Installing: /home/cromanma/ur5_gz_ws/install/ur_description/share/ur_description/meshes/ur3e/visual/wrist3.dae
[1.093s] -- Installing: /home/cromanma/ur5_gz_ws/install/ur_description/share/ur_description/meshes/ur10e
[1.093s] -- Installing: /home/cromanma/ur5_gz_ws/install/ur_description/share/ur_description/meshes/ur10e/collision
[1.093s] -- Installing: /home/cromanma/ur5_gz_ws/install/ur_description/share/ur_description/meshes/ur10e/collision/wrist2.stl
[1.093s] -- Installing: /home/cromanma/ur5_gz_ws/install/ur_description/share/ur_description/meshes/ur10e/collision/base.stl
[1.093s] -- Installing: /home/cromanma/ur5_gz_ws/install/ur_description/share/ur_description/meshes/ur10e/collision/wrist1.stl
[1.093s] -- Installing: /home/cromanma/ur5_gz_ws/install/ur_description/share/ur_description/meshes/ur10e/collision/wrist3.stl
[1.093s] -- Installing: /home/cromanma/ur5_gz_ws/install/ur_description/share/ur_description/meshes/ur10e/collision/upperarm.stl
[1.094s] -- Installing: /home/cromanma/ur5_gz_ws/install/ur_description/share/ur_description/meshes/ur10e/collision/forearm.stl
[1.094s] -- Installing: /home/cromanma/ur5_gz_ws/install/ur_description/share/ur_description/meshes/ur10e/collision/shoulder.stl
[1.094s] -- Installing: /home/cromanma/ur5_gz_ws/install/ur_description/share/ur_description/meshes/ur10e/visual
[1.094s] -- Installing: /home/cromanma/ur5_gz_ws/install/ur_description/share/ur_description/meshes/ur10e/visual/wrist2.dae
[1.094s] -- Installing: /home/cromanma/ur5_gz_ws/install/ur_description/share/ur_description/meshes/ur10e/visual/wrist1.dae
[1.094s] -- Installing: /home/cromanma/ur5_gz_ws/install/ur_description/share/ur_description/meshes/ur10e/visual/shoulder.dae
[1.095s] -- Installing: /home/cromanma/ur5_gz_ws/install/ur_description/share/ur_description/meshes/ur10e/visual/base.dae
[1.095s] -- Installing: /home/cromanma/ur5_gz_ws/install/ur_description/share/ur_description/meshes/ur10e/visual/upperarm.dae
[1.097s] -- Installing: /home/cromanma/ur5_gz_ws/install/ur_description/share/ur_description/meshes/ur10e/visual/forearm.dae
[1.097s] -- Installing: /home/cromanma/ur5_gz_ws/install/ur_description/share/ur_description/meshes/ur10e/visual/wrist3.dae
[1.097s] -- Installing: /home/cromanma/ur5_gz_ws/install/ur_description/share/ur_description/meshes/ur30
[1.097s] -- Installing: /home/cromanma/ur5_gz_ws/install/ur_description/share/ur_description/meshes/ur30/collision
[1.097s] -- Installing: /home/cromanma/ur5_gz_ws/install/ur_description/share/ur_description/meshes/ur30/collision/upperarm.stl
[1.097s] -- Installing: /home/cromanma/ur5_gz_ws/install/ur_description/share/ur_description/meshes/ur30/collision/forearm.stl
[1.097s] -- Installing: /home/cromanma/ur5_gz_ws/install/ur_description/share/ur_description/meshes/ur30/visual
[1.097s] -- Installing: /home/cromanma/ur5_gz_ws/install/ur_description/share/ur_description/meshes/ur30/visual/UR30_DIFF_8bit_2K.png
[1.098s] -- Installing: /home/cromanma/ur5_gz_ws/install/ur_description/share/ur_description/meshes/ur30/visual/upperarm.dae
[1.098s] -- Installing: /home/cromanma/ur5_gz_ws/install/ur_description/share/ur_description/meshes/ur30/visual/forearm.dae
[1.098s] -- Installing: /home/cromanma/ur5_gz_ws/install/ur_description/share/ur_description/meshes/ur30/LICENSE.txt
[1.098s] -- Installing: /home/cromanma/ur5_gz_ws/install/ur_description/share/ur_description/meshes/gripper
[1.099s] -- Installing: /home/cromanma/ur5_gz_ws/install/ur_description/share/ur_description/meshes/gripper/collision
[1.099s] -- Installing: /home/cromanma/ur5_gz_ws/install/ur_description/share/ur_description/meshes/gripper/collision/robotiq_85_finger_tip_link.stl
[1.099s] -- Installing: /home/cromanma/ur5_gz_ws/install/ur_description/share/ur_description/meshes/gripper/collision/robotiq_85_base_link.stl
[1.099s] -- Installing: /home/cromanma/ur5_gz_ws/install/ur_description/share/ur_description/meshes/gripper/collision/robotiq_85_inner_knuckle_link.stl
[1.099s] -- Installing: /home/cromanma/ur5_gz_ws/install/ur_description/share/ur_description/meshes/gripper/collision/robotiq_85_knuckle_link.stl
[1.099s] -- Installing: /home/cromanma/ur5_gz_ws/install/ur_description/share/ur_description/meshes/gripper/collision/robotiq_85_finger_link.stl
[1.099s] -- Installing: /home/cromanma/ur5_gz_ws/install/ur_description/share/ur_description/meshes/gripper/visual
[1.100s] -- Installing: /home/cromanma/ur5_gz_ws/install/ur_description/share/ur_description/meshes/gripper/visual/robotiq_85_finger_tip_link.dae
[1.100s] -- Installing: /home/cromanma/ur5_gz_ws/install/ur_description/share/ur_description/meshes/gripper/visual/robotiq_85_finger_link.dae
[1.100s] -- Installing: /home/cromanma/ur5_gz_ws/install/ur_description/share/ur_description/meshes/gripper/visual/robotiq_85_knuckle_link.dae
[1.100s] -- Installing: /home/cromanma/ur5_gz_ws/install/ur_description/share/ur_description/meshes/gripper/visual/robotiq_85_base_link.dae
[1.101s] -- Installing: /home/cromanma/ur5_gz_ws/install/ur_description/share/ur_description/meshes/gripper/visual/robotiq_85_inner_knuckle_link.dae
[1.101s] -- Installing: /home/cromanma/ur5_gz_ws/install/ur_description/share/ur_description/meshes/ur20
[1.101s] -- Installing: /home/cromanma/ur5_gz_ws/install/ur_description/share/ur_description/meshes/ur20/collision
[1.101s] -- Installing: /home/cromanma/ur5_gz_ws/install/ur_description/share/ur_description/meshes/ur20/collision/wrist2.stl
[1.101s] -- Installing: /home/cromanma/ur5_gz_ws/install/ur_description/share/ur_description/meshes/ur20/collision/base.stl
[1.101s] -- Installing: /home/cromanma/ur5_gz_ws/install/ur_description/share/ur_description/meshes/ur20/collision/wrist1.stl
[1.101s] -- Installing: /home/cromanma/ur5_gz_ws/install/ur_description/share/ur_description/meshes/ur20/collision/wrist3.stl
[1.101s] -- Installing: /home/cromanma/ur5_gz_ws/install/ur_description/share/ur_description/meshes/ur20/collision/upperarm.stl
[1.101s] -- Installing: /home/cromanma/ur5_gz_ws/install/ur_description/share/ur_description/meshes/ur20/collision/forearm.stl
[1.101s] -- Installing: /home/cromanma/ur5_gz_ws/install/ur_description/share/ur_description/meshes/ur20/collision/shoulder.stl
[1.101s] -- Installing: /home/cromanma/ur5_gz_ws/install/ur_description/share/ur_description/meshes/ur20/visual
[1.101s] -- Installing: /home/cromanma/ur5_gz_ws/install/ur_description/share/ur_description/meshes/ur20/visual/wrist2.dae
[1.101s] -- Installing: /home/cromanma/ur5_gz_ws/install/ur_description/share/ur_description/meshes/ur20/visual/wrist1.dae
[1.101s] -- Installing: /home/cromanma/ur5_gz_ws/install/ur_description/share/ur_description/meshes/ur20/visual/shoulder.dae
[1.101s] -- Installing: /home/cromanma/ur5_gz_ws/install/ur_description/share/ur_description/meshes/ur20/visual/base.dae
[1.102s] -- Installing: /home/cromanma/ur5_gz_ws/install/ur_description/share/ur_description/meshes/ur20/visual/upperarm.dae
[1.102s] -- Installing: /home/cromanma/ur5_gz_ws/install/ur_description/share/ur_description/meshes/ur20/visual/UR20_DIFF_8bit_2K.png
[1.103s] -- Installing: /home/cromanma/ur5_gz_ws/install/ur_description/share/ur_description/meshes/ur20/visual/forearm.dae
[1.103s] -- Installing: /home/cromanma/ur5_gz_ws/install/ur_description/share/ur_description/meshes/ur20/visual/wrist3.dae
[1.103s] -- Installing: /home/cromanma/ur5_gz_ws/install/ur_description/share/ur_description/meshes/ur20/LICENSE.txt
[1.103s] -- Installing: /home/cromanma/ur5_gz_ws/install/ur_description/share/ur_description/meshes/ur10
[1.103s] -- Installing: /home/cromanma/ur5_gz_ws/install/ur_description/share/ur_description/meshes/ur10/collision
[1.103s] -- Installing: /home/cromanma/ur5_gz_ws/install/ur_description/share/ur_description/meshes/ur10/collision/wrist2.stl
[1.104s] -- Installing: /home/cromanma/ur5_gz_ws/install/ur_description/share/ur_description/meshes/ur10/collision/base.stl
[1.104s] -- Installing: /home/cromanma/ur5_gz_ws/install/ur_description/share/ur_description/meshes/ur10/collision/wrist1.stl
[1.104s] -- Installing: /home/cromanma/ur5_gz_ws/install/ur_description/share/ur_description/meshes/ur10/collision/wrist3.stl
[1.104s] -- Installing: /home/cromanma/ur5_gz_ws/install/ur_description/share/ur_description/meshes/ur10/collision/upperarm.stl
[1.104s] -- Installing: /home/cromanma/ur5_gz_ws/install/ur_description/share/ur_description/meshes/ur10/collision/forearm.stl
[1.104s] -- Installing: /home/cromanma/ur5_gz_ws/install/ur_description/share/ur_description/meshes/ur10/collision/shoulder.stl
[1.104s] -- Installing: /home/cromanma/ur5_gz_ws/install/ur_description/share/ur_description/meshes/ur10/visual
[1.104s] -- Installing: /home/cromanma/ur5_gz_ws/install/ur_description/share/ur_description/meshes/ur10/visual/wrist2.dae
[1.105s] -- Installing: /home/cromanma/ur5_gz_ws/install/ur_description/share/ur_description/meshes/ur10/visual/wrist1.dae
[1.105s] -- Installing: /home/cromanma/ur5_gz_ws/install/ur_description/share/ur_description/meshes/ur10/visual/shoulder.dae
[1.106s] -- Installing: /home/cromanma/ur5_gz_ws/install/ur_description/share/ur_description/meshes/ur10/visual/base.dae
[1.106s] -- Installing: /home/cromanma/ur5_gz_ws/install/ur_description/share/ur_description/meshes/ur10/visual/upperarm.dae
[1.106s] -- Installing: /home/cromanma/ur5_gz_ws/install/ur_description/share/ur_description/meshes/ur10/visual/forearm.dae
[1.107s] -- Installing: /home/cromanma/ur5_gz_ws/install/ur_description/share/ur_description/meshes/ur10/visual/wrist3.dae
[1.107s] -- Installing: /home/cromanma/ur5_gz_ws/install/ur_description/share/ur_description/meshes/ur16e
[1.107s] -- Installing: /home/cromanma/ur5_gz_ws/install/ur_description/share/ur_description/meshes/ur16e/collision
[1.107s] -- Installing: /home/cromanma/ur5_gz_ws/install/ur_description/share/ur_description/meshes/ur16e/collision/upperarm.stl
[1.107s] -- Installing: /home/cromanma/ur5_gz_ws/install/ur_description/share/ur_description/meshes/ur16e/collision/forearm.stl
[1.107s] -- Installing: /home/cromanma/ur5_gz_ws/install/ur_description/share/ur_description/meshes/ur16e/visual
[1.108s] -- Installing: /home/cromanma/ur5_gz_ws/install/ur_description/share/ur_description/meshes/ur16e/visual/upperarm.dae
[1.108s] -- Installing: /home/cromanma/ur5_gz_ws/install/ur_description/share/ur_description/meshes/ur16e/visual/forearm.dae
[1.109s] -- Installing: /home/cromanma/ur5_gz_ws/install/ur_description/share/ur_description/meshes/ur5e
[1.109s] -- Installing: /home/cromanma/ur5_gz_ws/install/ur_description/share/ur_description/meshes/ur5e/collision
[1.109s] -- Installing: /home/cromanma/ur5_gz_ws/install/ur_description/share/ur_description/meshes/ur5e/collision/wrist2.stl
[1.109s] -- Installing: /home/cromanma/ur5_gz_ws/install/ur_description/share/ur_description/meshes/ur5e/collision/base.stl
[1.109s] -- Installing: /home/cromanma/ur5_gz_ws/install/ur_description/share/ur_description/meshes/ur5e/collision/wrist1.stl
[1.109s] -- Installing: /home/cromanma/ur5_gz_ws/install/ur_description/share/ur_description/meshes/ur5e/collision/wrist3.stl
[1.109s] -- Installing: /home/cromanma/ur5_gz_ws/install/ur_description/share/ur_description/meshes/ur5e/collision/upperarm.stl
[1.109s] -- Installing: /home/cromanma/ur5_gz_ws/install/ur_description/share/ur_description/meshes/ur5e/collision/forearm.stl
[1.109s] -- Installing: /home/cromanma/ur5_gz_ws/install/ur_description/share/ur_description/meshes/ur5e/collision/shoulder.stl
[1.109s] -- Installing: /home/cromanma/ur5_gz_ws/install/ur_description/share/ur_description/meshes/ur5e/visual
[1.109s] -- Installing: /home/cromanma/ur5_gz_ws/install/ur_description/share/ur_description/meshes/ur5e/visual/wrist2.dae
[1.110s] -- Installing: /home/cromanma/ur5_gz_ws/install/ur_description/share/ur_description/meshes/ur5e/visual/wrist1.dae
[1.110s] -- Installing: /home/cromanma/ur5_gz_ws/install/ur_description/share/ur_description/meshes/ur5e/visual/shoulder.dae
[1.111s] -- Installing: /home/cromanma/ur5_gz_ws/install/ur_description/share/ur_description/meshes/ur5e/visual/base.dae
[1.111s] -- Installing: /home/cromanma/ur5_gz_ws/install/ur_description/share/ur_description/meshes/ur5e/visual/upperarm.dae
[1.112s] -- Installing: /home/cromanma/ur5_gz_ws/install/ur_description/share/ur_description/meshes/ur5e/visual/forearm.dae
[1.115s] -- Installing: /home/cromanma/ur5_gz_ws/install/ur_description/share/ur_description/meshes/ur5e/visual/wrist3.dae
[1.115s] -- Installing: /home/cromanma/ur5_gz_ws/install/ur_description/share/ur_description/meshes/ur5
[1.115s] -- Installing: /home/cromanma/ur5_gz_ws/install/ur_description/share/ur_description/meshes/ur5/collision
[1.115s] -- Installing: /home/cromanma/ur5_gz_ws/install/ur_description/share/ur_description/meshes/ur5/collision/wrist2.stl
[1.115s] -- Installing: /home/cromanma/ur5_gz_ws/install/ur_description/share/ur_description/meshes/ur5/collision/base.stl
[1.115s] -- Installing: /home/cromanma/ur5_gz_ws/install/ur_description/share/ur_description/meshes/ur5/collision/wrist1.stl
[1.115s] -- Installing: /home/cromanma/ur5_gz_ws/install/ur_description/share/ur_description/meshes/ur5/collision/wrist3.stl
[1.115s] -- Installing: /home/cromanma/ur5_gz_ws/install/ur_description/share/ur_description/meshes/ur5/collision/upperarm.stl
[1.115s] -- Installing: /home/cromanma/ur5_gz_ws/install/ur_description/share/ur_description/meshes/ur5/collision/forearm.stl
[1.115s] -- Installing: /home/cromanma/ur5_gz_ws/install/ur_description/share/ur_description/meshes/ur5/collision/shoulder.stl
[1.116s] -- Installing: /home/cromanma/ur5_gz_ws/install/ur_description/share/ur_description/meshes/ur5/visual
[1.116s] -- Installing: /home/cromanma/ur5_gz_ws/install/ur_description/share/ur_description/meshes/ur5/visual/wrist2.dae
[1.116s] -- Installing: /home/cromanma/ur5_gz_ws/install/ur_description/share/ur_description/meshes/ur5/visual/wrist1.dae
[1.116s] -- Installing: /home/cromanma/ur5_gz_ws/install/ur_description/share/ur_description/meshes/ur5/visual/shoulder.dae
[1.116s] -- Installing: /home/cromanma/ur5_gz_ws/install/ur_description/share/ur_description/meshes/ur5/visual/base.dae
[1.116s] -- Installing: /home/cromanma/ur5_gz_ws/install/ur_description/share/ur_description/meshes/ur5/visual/upperarm.dae
[1.117s] -- Installing: /home/cromanma/ur5_gz_ws/install/ur_description/share/ur_description/meshes/ur5/visual/forearm.dae
[1.117s] -- Installing: /home/cromanma/ur5_gz_ws/install/ur_description/share/ur_description/meshes/ur5/visual/wrist3.dae
[1.117s] -- Installing: /home/cromanma/ur5_gz_ws/install/ur_description/share/ur_description/rviz
[1.118s] -- Installing: /home/cromanma/ur5_gz_ws/install/ur_description/share/ur_description/rviz/view_robot.rviz
[1.118s] -- Installing: /home/cromanma/ur5_gz_ws/install/ur_description/share/ur_description/urdf
[1.118s] -- Installing: /home/cromanma/ur5_gz_ws/install/ur_description/share/ur_description/urdf/ros2_control_mock_hardware.xacro
[1.118s] -- Installing: /home/cromanma/ur5_gz_ws/install/ur_description/share/ur_description/urdf/inc
[1.118s] -- Installing: /home/cromanma/ur5_gz_ws/install/ur_description/share/ur_description/urdf/inc/ur_transmissions.xacro
[1.118s] -- Installing: /home/cromanma/ur5_gz_ws/install/ur_description/share/ur_description/urdf/inc/ur_sensors.xacro
[1.118s] -- Installing: /home/cromanma/ur5_gz_ws/install/ur_description/share/ur_description/urdf/inc/ur_joint_control.xacro
[1.118s] -- Installing: /home/cromanma/ur5_gz_ws/install/ur_description/share/ur_description/urdf/inc/ur_common.xacro
[1.118s] -- Installing: /home/cromanma/ur5_gz_ws/install/ur_description/share/ur_description/urdf/ur_macro.xacro
[1.118s] -- Installing: /home/cromanma/ur5_gz_ws/install/ur_description/share/ur_description/urdf/gripper
[1.118s] -- Installing: /home/cromanma/ur5_gz_ws/install/ur_description/share/ur_description/urdf/gripper/robotiq_85_gripper.urdf.xacro
[1.118s] -- Installing: /home/cromanma/ur5_gz_ws/install/ur_description/share/ur_description/urdf/gripper/robotiq_85_gripper.transmission.xacro
[1.119s] -- Installing: /home/cromanma/ur5_gz_ws/install/ur_description/share/ur_description/urdf/gripper/robotiq_85_gripper_sim_base.urdf.xacro
[1.119s] -- Installing: /home/cromanma/ur5_gz_ws/install/ur_description/share/ur_description/urdf/gripper/robotiq_85_gripper.xacro
[1.119s] -- Installing: /home/cromanma/ur5_gz_ws/install/ur_description/share/ur_description/urdf/camera
[1.119s] -- Installing: /home/cromanma/ur5_gz_ws/install/ur_description/share/ur_description/urdf/camera/camera.xacro
[1.119s] -- Installing: /home/cromanma/ur5_gz_ws/install/ur_description/share/ur_description/urdf/ur.urdf.xacro
[1.119s] -- Installing: /home/cromanma/ur5_gz_ws/install/ur_description/share/ur_description/urdf/ur_mocked.urdf.xacro
[1.119s] -- Installing: /home/cromanma/ur5_gz_ws/install/ur_description/share/ur_description/test
[1.119s] -- Installing: /home/cromanma/ur5_gz_ws/install/ur_description/share/ur_description/test/test_ur_urdf_xacro.py
[1.119s] -- Installing: /home/cromanma/ur5_gz_ws/install/ur_description/share/ur_description/test/test_view_ur_launch.py
[1.119s] -- Installing: /home/cromanma/ur5_gz_ws/install/ur_description/share/ament_index/resource_index/package_run_dependencies/ur_description
[1.119s] -- Installing: /home/cromanma/ur5_gz_ws/install/ur_description/share/ament_index/resource_index/parent_prefix_path/ur_description
[1.119s] -- Installing: /home/cromanma/ur5_gz_ws/install/ur_description/share/ur_description/environment/ament_prefix_path.sh
[1.119s] -- Installing: /home/cromanma/ur5_gz_ws/install/ur_description/share/ur_description/environment/ament_prefix_path.dsv
[1.119s] -- Installing: /home/cromanma/ur5_gz_ws/install/ur_description/share/ur_description/environment/path.sh
[1.119s] -- Installing: /home/cromanma/ur5_gz_ws/install/ur_description/share/ur_description/environment/path.dsv
[1.119s] -- Installing: /home/cromanma/ur5_gz_ws/install/ur_description/share/ur_description/local_setup.bash
[1.120s] -- Installing: /home/cromanma/ur5_gz_ws/install/ur_description/share/ur_description/local_setup.sh
[1.120s] -- Installing: /home/cromanma/ur5_gz_ws/install/ur_description/share/ur_description/local_setup.zsh
[1.120s] -- Installing: /home/cromanma/ur5_gz_ws/install/ur_description/share/ur_description/local_setup.dsv
[1.120s] -- Installing: /home/cromanma/ur5_gz_ws/install/ur_description/share/ur_description/package.dsv
[1.120s] -- Installing: /home/cromanma/ur5_gz_ws/install/ur_description/share/ament_index/resource_index/packages/ur_description
[1.120s] -- Installing: /home/cromanma/ur5_gz_ws/install/ur_description/share/ur_description/cmake/ur_descriptionConfig.cmake
[1.120s] -- Installing: /home/cromanma/ur5_gz_ws/install/ur_description/share/ur_description/cmake/ur_descriptionConfig-version.cmake
[1.120s] -- Installing: /home/cromanma/ur5_gz_ws/install/ur_description/share/ur_description/package.xml
[1.120s] Invoked command in '/home/cromanma/ur5_gz_ws/build/ur_description' returned '0': CMAKE_PREFIX_PATH=${CMAKE_PREFIX_PATH}:/opt/ros/jazzy DEBUGINFOD_URLS=https://debuginfod.ubuntu.com /usr/bin/cmake --install /home/cromanma/ur5_gz_ws/build/ur_description
